<?xml version="1.0" encoding="UTF-8"?>
<!-- Generated by org.testng.reporters.JUnitXMLReporter -->
<testsuite ignored="0" hostname="DESKTOP-G32KEOE" failures="0" tests="3" name="Test" time="12.025" errors="0" timestamp="14 Jan 2021 15:34:49 GMT">
  <testcase classname="HomePage.HomeTest" name="AccessTestCase" time="0.0">
    <skipped/>
  </testcase> <!-- AccessTestCase -->
  <testcase classname="HomePage.HomeTest" name="AccessTestCases" time="0.0">
    <skipped/>
  </testcase> <!-- AccessTestCases -->
  <testcase classname="HomePage.HomeTest" name="checkFunctionality" time="0.018"/>
</testsuite> <!-- Test -->
